<?xml version="1.0" encoding="UTF-8"?>
<!-- Generated by org.testng.reporters.JUnitReportReporter -->
<testsuite hostname="BDC4-D-5R7WQG2" name="com.acc.Testclass2" tests="1" failures="0" timestamp="15 Oct 2018 05:55:57 GMT" time="0.132" errors="0">
  <testcase name="method1" time="0.132" classname="com.acc.Testclass2"/>
</testsuite> <!-- com.acc.Testclass2 -->
