<?xml version="1.0" encoding="UTF-8"?>
<!-- Generated by org.testng.reporters.JUnitReportReporter -->
<testsuite hostname="BDC4-D-5R7WQG2" name="com.tests.Login_Test" tests="1" failures="0" timestamp="16 Oct 2018 05:45:39 GMT" time="30.729" errors="0">
  <testcase name="loginOperation" time="30.729" classname="com.tests.Login_Test"/>
</testsuite> <!-- com.tests.Login_Test -->
