<?xml version="1.0" encoding="UTF-8"?>
<!-- Generated by org.testng.reporters.JUnitReportReporter -->
<testsuite hostname="BDC4-D-5R7WQG2" name="com.acc.Testclass7" tests="1" failures="0" timestamp="15 Oct 2018 10:03:04 GMT" time="5.433" errors="0">
  <testcase name="method1" time="5.433" classname="com.acc.Testclass7"/>
</testsuite> <!-- com.acc.Testclass7 -->
