<?xml version="1.0" encoding="UTF-8"?>
<!-- Generated by org.testng.reporters.JUnitReportReporter -->
<testsuite hostname="BDC4-D-5R7WQG2" name="com.acc.Testclass6" tests="1" failures="0" timestamp="15 Oct 2018 09:10:52 GMT" time="23.952" errors="0">
  <testcase name="method1" time="23.952" classname="com.acc.Testclass6"/>
</testsuite> <!-- com.acc.Testclass6 -->
