<?xml version="1.0" encoding="UTF-8"?>
<!-- Generated by org.testng.reporters.JUnitReportReporter -->
<testsuite hostname="BDC4-D-5R7WQG2" name="com.acc.Testclass5" tests="1" failures="0" timestamp="15 Oct 2018 08:43:36 GMT" time="10.590" errors="0">
  <testcase name="method1" time="10.590" classname="com.acc.Testclass5"/>
</testsuite> <!-- com.acc.Testclass5 -->
